[debug] [2025-02-16T03:48:15.256Z] ----------------------------------------------------------------------
[debug] [2025-02-16T03:48:15.258Z] Command:       C:\Program Files\nodejs\node.exe C:\Users\viett\AppData\Roaming\npm\node_modules\firebase-tools\lib\bin\firebase.js emulators:start
[debug] [2025-02-16T03:48:15.258Z] CLI Version:   13.27.0
[debug] [2025-02-16T03:48:15.258Z] Platform:      win32
[debug] [2025-02-16T03:48:15.258Z] Node Version:  v20.18.3
[debug] [2025-02-16T03:48:15.258Z] Time:          Sun Feb 16 2025 13:48:15 GMT+1000 (Australian Eastern Standard Time)
[debug] [2025-02-16T03:48:15.258Z] ----------------------------------------------------------------------
[debug] 
[debug] [2025-02-16T03:48:15.303Z] > command requires scopes: ["email","openid","https://www.googleapis.com/auth/cloudplatformprojects.readonly","https://www.googleapis.com/auth/firebase","https://www.googleapis.com/auth/cloud-platform"]
[debug] [2025-02-16T03:48:15.303Z] > authorizing via signed-in user (vietthanh0120@gmail.com)
[debug] [2025-02-16T03:48:15.375Z] java version "23.0.2" 2025-01-21

[debug] [2025-02-16T03:48:15.376Z] Java(TM) SE Runtime Environment (build 23.0.2+7-58)
Java HotSpot(TM) 64-Bit Server VM (build 23.0.2+7-58, mixed mode, sharing)

[debug] [2025-02-16T03:48:15.393Z] Parsed Java major version: 23
[info] i  emulators: Starting emulators: firestore, hosting {"metadata":{"emulator":{"name":"hub"},"message":"Starting emulators: firestore, hosting"}}
[debug] [2025-02-16T03:48:15.405Z] [logging] Logging Emulator only supports listening on one address (127.0.0.1). Not listening on ::1
[debug] [2025-02-16T03:48:15.406Z] [firestore] Firestore Emulator only supports listening on one address (127.0.0.1). Not listening on ::1
[debug] [2025-02-16T03:48:15.406Z] [firestore.websocket] websocket server for firestore only supports listening on one address (127.0.0.1). Not listening on ::1
[debug] [2025-02-16T03:48:15.406Z] [hosting] Hosting Emulator only supports listening on one address (127.0.0.1). Not listening on ::1
[debug] [2025-02-16T03:48:15.406Z] assigned listening specs for emulators {"user":{"hub":[{"address":"127.0.0.1","family":"IPv4","port":4400},{"address":"::1","family":"IPv6","port":4400}],"ui":[{"address":"127.0.0.1","family":"IPv4","port":4000},{"address":"::1","family":"IPv6","port":4000}],"logging":[{"address":"127.0.0.1","family":"IPv4","port":4500}],"firestore":[{"address":"127.0.0.1","family":"IPv4","port":8080}],"firestore.websocket":[{"address":"127.0.0.1","family":"IPv4","port":9150}],"hosting":[{"address":"127.0.0.1","family":"IPv4","port":5000}]},"metadata":{"message":"assigned listening specs for emulators"}}
[debug] [2025-02-16T03:48:15.409Z] [hub] writing locator at C:\Users\viett\AppData\Local\Temp\hub-my-resume-website-1.json
[warn] !  firestore: Cloud Firestore Emulator does not support multiple databases yet. {"metadata":{"emulator":{"name":"firestore"},"message":"Cloud Firestore Emulator does not support multiple databases yet."}}
[warn] !  firestore: Did not find a Cloud Firestore rules file specified in a firebase.json config file. {"metadata":{"emulator":{"name":"firestore"},"message":"Did not find a Cloud Firestore rules file specified in a firebase.json config file."}}
[warn] !  firestore: The emulator will default to allowing all reads and writes. Learn more about this option: https://firebase.google.com/docs/emulator-suite/install_and_configure#security_rules_configuration. {"metadata":{"emulator":{"name":"firestore"},"message":"The emulator will default to allowing all reads and writes. Learn more about this option: https://firebase.google.com/docs/emulator-suite/install_and_configure#security_rules_configuration."}}
[debug] [2025-02-16T03:48:15.415Z] Ignoring unsupported arg: auto_download {"metadata":{"emulator":{"name":"firestore"},"message":"Ignoring unsupported arg: auto_download"}}
[debug] [2025-02-16T03:48:15.415Z] Ignoring unsupported arg: single_project_mode_error {"metadata":{"emulator":{"name":"firestore"},"message":"Ignoring unsupported arg: single_project_mode_error"}}
[debug] [2025-02-16T03:48:15.415Z] Starting Firestore Emulator with command {"binary":"java","args":["-Dgoogle.cloud_firestore.debug_log_level=FINE","-Duser.language=en","-jar","C:\\Users\\viett\\.cache\\firebase\\emulators\\cloud-firestore-emulator-v1.19.8.jar","--host","127.0.0.1","--port",8080,"--websocket_port",9150,"--project_id","my-resume-website-1","--single_project_mode",true],"optionalArgs":["port","webchannel_port","host","rules","websocket_port","functions_emulator","seed_from_export","project_id","single_project_mode"],"joinArgs":false,"shell":false,"port":8080} {"metadata":{"emulator":{"name":"firestore"},"message":"Starting Firestore Emulator with command {\"binary\":\"java\",\"args\":[\"-Dgoogle.cloud_firestore.debug_log_level=FINE\",\"-Duser.language=en\",\"-jar\",\"C:\\\\Users\\\\viett\\\\.cache\\\\firebase\\\\emulators\\\\cloud-firestore-emulator-v1.19.8.jar\",\"--host\",\"127.0.0.1\",\"--port\",8080,\"--websocket_port\",9150,\"--project_id\",\"my-resume-website-1\",\"--single_project_mode\",true],\"optionalArgs\":[\"port\",\"webchannel_port\",\"host\",\"rules\",\"websocket_port\",\"functions_emulator\",\"seed_from_export\",\"project_id\",\"single_project_mode\"],\"joinArgs\":false,\"shell\":false,\"port\":8080}"}}
[info] i  firestore: Firestore Emulator logging to firestore-debug.log {"metadata":{"emulator":{"name":"firestore"},"message":"Firestore Emulator logging to \u001b[1mfirestore-debug.log\u001b[22m"}}
[info] +  firestore: Firestore Emulator UI websocket is running on 9150. {"metadata":{"emulator":{"name":"firestore"},"message":"Firestore Emulator UI websocket is running on 9150."}}
[debug] [2025-02-16T03:48:17.065Z] Checked if tokens are valid: false, expires at: 1739673395962
[debug] [2025-02-16T03:48:17.065Z] Checked if tokens are valid: false, expires at: 1739673395962
[debug] [2025-02-16T03:48:17.065Z] > refreshing access token with scopes: []
[debug] [2025-02-16T03:48:17.067Z] >>> [apiv2][query] POST https://www.googleapis.com/oauth2/v3/token [none]
[debug] [2025-02-16T03:48:17.067Z] >>> [apiv2][body] POST https://www.googleapis.com/oauth2/v3/token [omitted]
[debug] [2025-02-16T03:48:17.388Z] <<< [apiv2][status] POST https://www.googleapis.com/oauth2/v3/token 200
[debug] [2025-02-16T03:48:17.388Z] <<< [apiv2][body] POST https://www.googleapis.com/oauth2/v3/token [omitted]
[debug] [2025-02-16T03:48:17.394Z] >>> [apiv2][query] GET https://firebasehosting.googleapis.com/v1beta1/projects/my-resume-website-1/sites 
[debug] [2025-02-16T03:48:18.760Z] <<< [apiv2][status] GET https://firebasehosting.googleapis.com/v1beta1/projects/my-resume-website-1/sites 200
[debug] [2025-02-16T03:48:18.760Z] <<< [apiv2][body] GET https://firebasehosting.googleapis.com/v1beta1/projects/my-resume-website-1/sites {"sites":[{"name":"projects/my-resume-website-1/sites/my-resume-website-1","defaultUrl":"https://my-resume-website-1.web.app","type":"DEFAULT_SITE"},{"name":"projects/my-resume-website-1/sites/myresume01","defaultUrl":"https://myresume01.web.app","appId":"1:707784190739:web:13a2fd46226cbe9025c8e6","type":"USER_SITE"}]}
[debug] [2025-02-16T03:48:18.760Z] Checked if tokens are valid: true, expires at: 1739681296388
[debug] [2025-02-16T03:48:18.760Z] Checked if tokens are valid: true, expires at: 1739681296388
[debug] [2025-02-16T03:48:18.760Z] >>> [apiv2][query] GET https://firebase.googleapis.com/v1beta1/projects/my-resume-website-1/webApps/-/config [none]
[debug] [2025-02-16T03:48:20.124Z] <<< [apiv2][status] GET https://firebase.googleapis.com/v1beta1/projects/my-resume-website-1/webApps/-/config 200
[debug] [2025-02-16T03:48:20.125Z] <<< [apiv2][body] GET https://firebase.googleapis.com/v1beta1/projects/my-resume-website-1/webApps/-/config {"projectId":"my-resume-website-1","appId":"1:707784190739:web:13a2fd46226cbe9025c8e6","storageBucket":"my-resume-website-1.firebasestorage.app","apiKey":"AIzaSyDYEbWBA_2lpvwff8KDIrQKSS2dLVfLVRc","authDomain":"my-resume-website-1.firebaseapp.com","messagingSenderId":"707784190739","measurementId":"G-FL8G7BQKRM"}
[debug] [2025-02-16T03:48:20.130Z] Checked if tokens are valid: true, expires at: 1739681296388
[debug] [2025-02-16T03:48:20.130Z] Checked if tokens are valid: true, expires at: 1739681296388
[debug] [2025-02-16T03:48:20.130Z] >>> [apiv2][query] GET https://firebase.googleapis.com/v1beta1/projects/my-resume-website-1 [none]
[debug] [2025-02-16T03:48:20.497Z] <<< [apiv2][status] GET https://firebase.googleapis.com/v1beta1/projects/my-resume-website-1 200
[debug] [2025-02-16T03:48:20.497Z] <<< [apiv2][body] GET https://firebase.googleapis.com/v1beta1/projects/my-resume-website-1 {"projectId":"my-resume-website-1","projectNumber":"707784190739","displayName":"my resume website 1","name":"projects/my-resume-website-1","resources":{"hostingSite":"my-resume-website-1"},"state":"ACTIVE","etag":"1_33e3076c-79dd-4bb1-a7ec-82845260e0e7"}
[info] i  hosting[myresume01]: Serving hosting files from: dist/my-angular-website/browser {"metadata":{"emulator":{"name":"hosting"},"message":"Serving hosting files from: \u001b[1mdist/my-angular-website/browser\u001b[22m"}}
[info] +  hosting[myresume01]: Local server: http://127.0.0.1:5000 {"metadata":{"emulator":{"name":"hosting"},"message":"Local server: \u001b[4m\u001b[1mhttp://127.0.0.1:5000\u001b[22m\u001b[24m"}}
[info] i  ui: downloading ui-v1.14.0.zip... {"metadata":{"emulator":{"name":"ui"},"message":"downloading ui-v1.14.0.zip..."}}
[debug] [2025-02-16T03:48:20.515Z] >>> [apiv2][query] GET https://storage.googleapis.com/firebase-preview-drop/emulator/ui-v1.14.0.zip 
[debug] [2025-02-16T03:48:20.836Z] <<< [apiv2][status] GET https://storage.googleapis.com/firebase-preview-drop/emulator/ui-v1.14.0.zip 200
[debug] [2025-02-16T03:48:20.837Z] <<< [apiv2][body] GET https://storage.googleapis.com/firebase-preview-drop/emulator/ui-v1.14.0.zip [stream]
[debug] [2025-02-16T03:48:22.008Z] Data is 3615311
[debug] [2025-02-16T03:48:22.008Z] [unzip] Entry: client/ (compressed_size=0 bytes, uncompressed_size=0 bytes)
[debug] [2025-02-16T03:48:22.008Z] [unzip] Processing entry: client\
[debug] [2025-02-16T03:48:22.008Z] [unzip] mkdir: C:\Users\viett\.cache\firebase\emulators\ui-v1.14.0\client\
[debug] [2025-02-16T03:48:22.016Z] [unzip] Entry: client/favicon-16x16.png (compressed_size=293 bytes, uncompressed_size=293 bytes)
[debug] [2025-02-16T03:48:22.016Z] [unzip] Processing entry: client\favicon-16x16.png
[debug] [2025-02-16T03:48:22.016Z] [unzip] else mkdir: C:\Users\viett\.cache\firebase\emulators\ui-v1.14.0\client
[debug] [2025-02-16T03:48:22.017Z] [unzip] Writing file: C:\Users\viett\.cache\firebase\emulators\ui-v1.14.0\client\favicon-16x16.png
[debug] [2025-02-16T03:48:22.017Z] [unzip] Entry: client/safari-pinned-tab.svg (compressed_size=1433 bytes, uncompressed_size=2611 bytes)
[debug] [2025-02-16T03:48:22.017Z] [unzip] Processing entry: client\safari-pinned-tab.svg
[debug] [2025-02-16T03:48:22.017Z] [unzip] else mkdir: C:\Users\viett\.cache\firebase\emulators\ui-v1.14.0\client
[debug] [2025-02-16T03:48:22.018Z] [unzip] deflating: C:\Users\viett\.cache\firebase\emulators\ui-v1.14.0\client\safari-pinned-tab.svg
[debug] [2025-02-16T03:48:22.020Z] [unzip] Entry: client/favicon.ico (compressed_size=2933 bytes, uncompressed_size=13294 bytes)
[debug] [2025-02-16T03:48:22.020Z] [unzip] Processing entry: client\favicon.ico
[debug] [2025-02-16T03:48:22.020Z] [unzip] else mkdir: C:\Users\viett\.cache\firebase\emulators\ui-v1.14.0\client
[debug] [2025-02-16T03:48:22.020Z] [unzip] deflating: C:\Users\viett\.cache\firebase\emulators\ui-v1.14.0\client\favicon.ico
[debug] [2025-02-16T03:48:22.021Z] [unzip] Entry: client/index.html (compressed_size=1363 bytes, uncompressed_size=3071 bytes)
[debug] [2025-02-16T03:48:22.021Z] [unzip] Processing entry: client\index.html
[debug] [2025-02-16T03:48:22.021Z] [unzip] else mkdir: C:\Users\viett\.cache\firebase\emulators\ui-v1.14.0\client
[debug] [2025-02-16T03:48:22.021Z] [unzip] deflating: C:\Users\viett\.cache\firebase\emulators\ui-v1.14.0\client\index.html
[debug] [2025-02-16T03:48:22.022Z] [unzip] Entry: client/android-chrome-192x192.png (compressed_size=2684 bytes, uncompressed_size=2684 bytes)
[debug] [2025-02-16T03:48:22.022Z] [unzip] Processing entry: client\android-chrome-192x192.png
[debug] [2025-02-16T03:48:22.022Z] [unzip] else mkdir: C:\Users\viett\.cache\firebase\emulators\ui-v1.14.0\client
[debug] [2025-02-16T03:48:22.023Z] [unzip] Writing file: C:\Users\viett\.cache\firebase\emulators\ui-v1.14.0\client\android-chrome-192x192.png
[debug] [2025-02-16T03:48:22.023Z] [unzip] Entry: client/apple-touch-icon.png (compressed_size=2123 bytes, uncompressed_size=2152 bytes)
[debug] [2025-02-16T03:48:22.023Z] [unzip] Processing entry: client\apple-touch-icon.png
[debug] [2025-02-16T03:48:22.023Z] [unzip] else mkdir: C:\Users\viett\.cache\firebase\emulators\ui-v1.14.0\client
[debug] [2025-02-16T03:48:22.023Z] [unzip] deflating: C:\Users\viett\.cache\firebase\emulators\ui-v1.14.0\client\apple-touch-icon.png
[debug] [2025-02-16T03:48:22.024Z] [unzip] Entry: client/android-chrome-512x512.png (compressed_size=5369 bytes, uncompressed_size=5411 bytes)
[debug] [2025-02-16T03:48:22.024Z] [unzip] Processing entry: client\android-chrome-512x512.png
[debug] [2025-02-16T03:48:22.024Z] [unzip] else mkdir: C:\Users\viett\.cache\firebase\emulators\ui-v1.14.0\client
[debug] [2025-02-16T03:48:22.024Z] [unzip] deflating: C:\Users\viett\.cache\firebase\emulators\ui-v1.14.0\client\android-chrome-512x512.png
[debug] [2025-02-16T03:48:22.025Z] [unzip] Entry: client/manifest.json (compressed_size=245 bytes, uncompressed_size=551 bytes)
[debug] [2025-02-16T03:48:22.025Z] [unzip] Processing entry: client\manifest.json
[debug] [2025-02-16T03:48:22.025Z] [unzip] else mkdir: C:\Users\viett\.cache\firebase\emulators\ui-v1.14.0\client
[debug] [2025-02-16T03:48:22.025Z] [unzip] deflating: C:\Users\viett\.cache\firebase\emulators\ui-v1.14.0\client\manifest.json
[debug] [2025-02-16T03:48:22.026Z] [unzip] Entry: client/robots.txt (compressed_size=26 bytes, uncompressed_size=26 bytes)
[debug] [2025-02-16T03:48:22.026Z] [unzip] Processing entry: client\robots.txt
[debug] [2025-02-16T03:48:22.026Z] [unzip] else mkdir: C:\Users\viett\.cache\firebase\emulators\ui-v1.14.0\client
[debug] [2025-02-16T03:48:22.026Z] [unzip] Writing file: C:\Users\viett\.cache\firebase\emulators\ui-v1.14.0\client\robots.txt
[debug] [2025-02-16T03:48:22.026Z] [unzip] Entry: client/mstile-150x150.png (compressed_size=2034 bytes, uncompressed_size=2034 bytes)
[debug] [2025-02-16T03:48:22.026Z] [unzip] Processing entry: client\mstile-150x150.png
[debug] [2025-02-16T03:48:22.026Z] [unzip] else mkdir: C:\Users\viett\.cache\firebase\emulators\ui-v1.14.0\client
[debug] [2025-02-16T03:48:22.027Z] [unzip] Writing file: C:\Users\viett\.cache\firebase\emulators\ui-v1.14.0\client\mstile-150x150.png
[debug] [2025-02-16T03:48:22.027Z] [unzip] Entry: client/assets/ (compressed_size=0 bytes, uncompressed_size=0 bytes)
[debug] [2025-02-16T03:48:22.027Z] [unzip] Processing entry: client\assets\
[debug] [2025-02-16T03:48:22.027Z] [unzip] mkdir: C:\Users\viett\.cache\firebase\emulators\ui-v1.14.0\client\assets\
[debug] [2025-02-16T03:48:22.028Z] [unzip] Entry: client/assets/index-ClZTY_JS.js.map (compressed_size=2328270 bytes, uncompressed_size=9947004 bytes)
[debug] [2025-02-16T03:48:22.028Z] [unzip] Processing entry: client\assets\index-ClZTY_JS.js.map
[debug] [2025-02-16T03:48:22.028Z] [unzip] else mkdir: C:\Users\viett\.cache\firebase\emulators\ui-v1.14.0\client\assets
[debug] [2025-02-16T03:48:22.028Z] [unzip] deflating: C:\Users\viett\.cache\firebase\emulators\ui-v1.14.0\client\assets\index-ClZTY_JS.js.map
[debug] [2025-02-16T03:48:22.061Z] [unzip] Entry: client/assets/index-ClZTY_JS.js (compressed_size=567195 bytes, uncompressed_size=2035940 bytes)
[debug] [2025-02-16T03:48:22.061Z] [unzip] Processing entry: client\assets\index-ClZTY_JS.js
[debug] [2025-02-16T03:48:22.061Z] [unzip] else mkdir: C:\Users\viett\.cache\firebase\emulators\ui-v1.14.0\client\assets
[debug] [2025-02-16T03:48:22.061Z] [unzip] deflating: C:\Users\viett\.cache\firebase\emulators\ui-v1.14.0\client\assets\index-ClZTY_JS.js
[debug] [2025-02-16T03:48:22.069Z] [unzip] Entry: client/assets/index-BdgySamB.css (compressed_size=35979 bytes, uncompressed_size=298654 bytes)
[debug] [2025-02-16T03:48:22.069Z] [unzip] Processing entry: client\assets\index-BdgySamB.css
[debug] [2025-02-16T03:48:22.069Z] [unzip] else mkdir: C:\Users\viett\.cache\firebase\emulators\ui-v1.14.0\client\assets
[debug] [2025-02-16T03:48:22.069Z] [unzip] deflating: C:\Users\viett\.cache\firebase\emulators\ui-v1.14.0\client\assets\index-BdgySamB.css
[debug] [2025-02-16T03:48:22.072Z] [unzip] Entry: client/assets/extensions/ (compressed_size=0 bytes, uncompressed_size=0 bytes)
[debug] [2025-02-16T03:48:22.072Z] [unzip] Processing entry: client\assets\extensions\
[debug] [2025-02-16T03:48:22.072Z] [unzip] mkdir: C:\Users\viett\.cache\firebase\emulators\ui-v1.14.0\client\assets\extensions\
[debug] [2025-02-16T03:48:22.072Z] [unzip] Entry: client/assets/extensions/default-extension.png (compressed_size=1646 bytes, uncompressed_size=1657 bytes)
[debug] [2025-02-16T03:48:22.072Z] [unzip] Processing entry: client\assets\extensions\default-extension.png
[debug] [2025-02-16T03:48:22.072Z] [unzip] else mkdir: C:\Users\viett\.cache\firebase\emulators\ui-v1.14.0\client\assets\extensions
[debug] [2025-02-16T03:48:22.073Z] [unzip] deflating: C:\Users\viett\.cache\firebase\emulators\ui-v1.14.0\client\assets\extensions\default-extension.png
[debug] [2025-02-16T03:48:22.074Z] [unzip] Entry: client/assets/img/ (compressed_size=0 bytes, uncompressed_size=0 bytes)
[debug] [2025-02-16T03:48:22.074Z] [unzip] Processing entry: client\assets\img\
[debug] [2025-02-16T03:48:22.074Z] [unzip] mkdir: C:\Users\viett\.cache\firebase\emulators\ui-v1.14.0\client\assets\img\
[debug] [2025-02-16T03:48:22.074Z] [unzip] Entry: client/assets/img/database.png (compressed_size=29449 bytes, uncompressed_size=29988 bytes)
[debug] [2025-02-16T03:48:22.074Z] [unzip] Processing entry: client\assets\img\database.png
[debug] [2025-02-16T03:48:22.074Z] [unzip] else mkdir: C:\Users\viett\.cache\firebase\emulators\ui-v1.14.0\client\assets\img
[debug] [2025-02-16T03:48:22.074Z] [unzip] deflating: C:\Users\viett\.cache\firebase\emulators\ui-v1.14.0\client\assets\img\database.png
[debug] [2025-02-16T03:48:22.075Z] [unzip] Entry: client/assets/provider-icons/ (compressed_size=0 bytes, uncompressed_size=0 bytes)
[debug] [2025-02-16T03:48:22.075Z] [unzip] Processing entry: client\assets\provider-icons\
[debug] [2025-02-16T03:48:22.075Z] [unzip] mkdir: C:\Users\viett\.cache\firebase\emulators\ui-v1.14.0\client\assets\provider-icons\
[debug] [2025-02-16T03:48:22.075Z] [unzip] Entry: client/assets/provider-icons/auth_service_saml.svg (compressed_size=575 bytes, uncompressed_size=1226 bytes)
[debug] [2025-02-16T03:48:22.075Z] [unzip] Processing entry: client\assets\provider-icons\auth_service_saml.svg
[debug] [2025-02-16T03:48:22.075Z] [unzip] else mkdir: C:\Users\viett\.cache\firebase\emulators\ui-v1.14.0\client\assets\provider-icons
[debug] [2025-02-16T03:48:22.075Z] [unzip] deflating: C:\Users\viett\.cache\firebase\emulators\ui-v1.14.0\client\assets\provider-icons\auth_service_saml.svg
[debug] [2025-02-16T03:48:22.076Z] [unzip] Entry: client/assets/provider-icons/auth_service_phone.svg (compressed_size=261 bytes, uncompressed_size=414 bytes)
[debug] [2025-02-16T03:48:22.076Z] [unzip] Processing entry: client\assets\provider-icons\auth_service_phone.svg
[debug] [2025-02-16T03:48:22.076Z] [unzip] else mkdir: C:\Users\viett\.cache\firebase\emulators\ui-v1.14.0\client\assets\provider-icons
[debug] [2025-02-16T03:48:22.076Z] [unzip] deflating: C:\Users\viett\.cache\firebase\emulators\ui-v1.14.0\client\assets\provider-icons\auth_service_phone.svg
[debug] [2025-02-16T03:48:22.076Z] [unzip] Entry: client/assets/provider-icons/auth_service_facebook.svg (compressed_size=289 bytes, uncompressed_size=457 bytes)
[debug] [2025-02-16T03:48:22.077Z] [unzip] Processing entry: client\assets\provider-icons\auth_service_facebook.svg
[debug] [2025-02-16T03:48:22.077Z] [unzip] else mkdir: C:\Users\viett\.cache\firebase\emulators\ui-v1.14.0\client\assets\provider-icons
[debug] [2025-02-16T03:48:22.077Z] [unzip] deflating: C:\Users\viett\.cache\firebase\emulators\ui-v1.14.0\client\assets\provider-icons\auth_service_facebook.svg
[debug] [2025-02-16T03:48:22.078Z] [unzip] Entry: client/assets/provider-icons/auth_service_game_center.svg (compressed_size=991 bytes, uncompressed_size=3921 bytes)
[debug] [2025-02-16T03:48:22.078Z] [unzip] Processing entry: client\assets\provider-icons\auth_service_game_center.svg
[debug] [2025-02-16T03:48:22.078Z] [unzip] else mkdir: C:\Users\viett\.cache\firebase\emulators\ui-v1.14.0\client\assets\provider-icons
[debug] [2025-02-16T03:48:22.078Z] [unzip] deflating: C:\Users\viett\.cache\firebase\emulators\ui-v1.14.0\client\assets\provider-icons\auth_service_game_center.svg
[debug] [2025-02-16T03:48:22.078Z] [unzip] Entry: client/assets/provider-icons/auth_service_apple.svg (compressed_size=230 bytes, uncompressed_size=334 bytes)
[debug] [2025-02-16T03:48:22.078Z] [unzip] Processing entry: client\assets\provider-icons\auth_service_apple.svg
[debug] [2025-02-16T03:48:22.078Z] [unzip] else mkdir: C:\Users\viett\.cache\firebase\emulators\ui-v1.14.0\client\assets\provider-icons
[debug] [2025-02-16T03:48:22.078Z] [unzip] deflating: C:\Users\viett\.cache\firebase\emulators\ui-v1.14.0\client\assets\provider-icons\auth_service_apple.svg
[debug] [2025-02-16T03:48:22.079Z] [unzip] Entry: client/assets/provider-icons/auth_service_github.svg (compressed_size=466 bytes, uncompressed_size=838 bytes)
[debug] [2025-02-16T03:48:22.079Z] [unzip] Processing entry: client\assets\provider-icons\auth_service_github.svg
[debug] [2025-02-16T03:48:22.079Z] [unzip] else mkdir: C:\Users\viett\.cache\firebase\emulators\ui-v1.14.0\client\assets\provider-icons
[debug] [2025-02-16T03:48:22.079Z] [unzip] deflating: C:\Users\viett\.cache\firebase\emulators\ui-v1.14.0\client\assets\provider-icons\auth_service_github.svg
[debug] [2025-02-16T03:48:22.080Z] [unzip] Entry: client/assets/provider-icons/auth_service_mslive.svg (compressed_size=203 bytes, uncompressed_size=378 bytes)
[debug] [2025-02-16T03:48:22.080Z] [unzip] Processing entry: client\assets\provider-icons\auth_service_mslive.svg
[debug] [2025-02-16T03:48:22.080Z] [unzip] else mkdir: C:\Users\viett\.cache\firebase\emulators\ui-v1.14.0\client\assets\provider-icons
[debug] [2025-02-16T03:48:22.080Z] [unzip] deflating: C:\Users\viett\.cache\firebase\emulators\ui-v1.14.0\client\assets\provider-icons\auth_service_mslive.svg
[debug] [2025-02-16T03:48:22.080Z] [unzip] Entry: client/assets/provider-icons/auth_service_yahoo.svg (compressed_size=577 bytes, uncompressed_size=1182 bytes)
[debug] [2025-02-16T03:48:22.080Z] [unzip] Processing entry: client\assets\provider-icons\auth_service_yahoo.svg
[debug] [2025-02-16T03:48:22.080Z] [unzip] else mkdir: C:\Users\viett\.cache\firebase\emulators\ui-v1.14.0\client\assets\provider-icons
[debug] [2025-02-16T03:48:22.081Z] [unzip] deflating: C:\Users\viett\.cache\firebase\emulators\ui-v1.14.0\client\assets\provider-icons\auth_service_yahoo.svg
[debug] [2025-02-16T03:48:22.081Z] [unzip] Entry: client/assets/provider-icons/auth_service_twitter.svg (compressed_size=444 bytes, uncompressed_size=751 bytes)
[debug] [2025-02-16T03:48:22.081Z] [unzip] Processing entry: client\assets\provider-icons\auth_service_twitter.svg
[debug] [2025-02-16T03:48:22.081Z] [unzip] else mkdir: C:\Users\viett\.cache\firebase\emulators\ui-v1.14.0\client\assets\provider-icons
[debug] [2025-02-16T03:48:22.081Z] [unzip] deflating: C:\Users\viett\.cache\firebase\emulators\ui-v1.14.0\client\assets\provider-icons\auth_service_twitter.svg
[debug] [2025-02-16T03:48:22.082Z] [unzip] Entry: client/assets/provider-icons/auth_service_play_games.svg (compressed_size=565 bytes, uncompressed_size=1173 bytes)
[debug] [2025-02-16T03:48:22.082Z] [unzip] Processing entry: client\assets\provider-icons\auth_service_play_games.svg
[debug] [2025-02-16T03:48:22.082Z] [unzip] else mkdir: C:\Users\viett\.cache\firebase\emulators\ui-v1.14.0\client\assets\provider-icons
[debug] [2025-02-16T03:48:22.082Z] [unzip] deflating: C:\Users\viett\.cache\firebase\emulators\ui-v1.14.0\client\assets\provider-icons\auth_service_play_games.svg
[debug] [2025-02-16T03:48:22.082Z] [unzip] Entry: client/assets/provider-icons/auth_service_email.svg (compressed_size=228 bytes, uncompressed_size=326 bytes)
[debug] [2025-02-16T03:48:22.082Z] [unzip] Processing entry: client\assets\provider-icons\auth_service_email.svg
[debug] [2025-02-16T03:48:22.082Z] [unzip] else mkdir: C:\Users\viett\.cache\firebase\emulators\ui-v1.14.0\client\assets\provider-icons
[debug] [2025-02-16T03:48:22.083Z] [unzip] deflating: C:\Users\viett\.cache\firebase\emulators\ui-v1.14.0\client\assets\provider-icons\auth_service_email.svg
[debug] [2025-02-16T03:48:22.083Z] [unzip] Entry: client/assets/provider-icons/auth_service_google.svg (compressed_size=409 bytes, uncompressed_size=720 bytes)
[debug] [2025-02-16T03:48:22.083Z] [unzip] Processing entry: client\assets\provider-icons\auth_service_google.svg
[debug] [2025-02-16T03:48:22.083Z] [unzip] else mkdir: C:\Users\viett\.cache\firebase\emulators\ui-v1.14.0\client\assets\provider-icons
[debug] [2025-02-16T03:48:22.083Z] [unzip] deflating: C:\Users\viett\.cache\firebase\emulators\ui-v1.14.0\client\assets\provider-icons\auth_service_google.svg
[debug] [2025-02-16T03:48:22.084Z] [unzip] Entry: client/assets/provider-icons/auth_service_oidc.svg (compressed_size=414 bytes, uncompressed_size=858 bytes)
[debug] [2025-02-16T03:48:22.084Z] [unzip] Processing entry: client\assets\provider-icons\auth_service_oidc.svg
[debug] [2025-02-16T03:48:22.084Z] [unzip] else mkdir: C:\Users\viett\.cache\firebase\emulators\ui-v1.14.0\client\assets\provider-icons
[debug] [2025-02-16T03:48:22.084Z] [unzip] deflating: C:\Users\viett\.cache\firebase\emulators\ui-v1.14.0\client\assets\provider-icons\auth_service_oidc.svg
[debug] [2025-02-16T03:48:22.085Z] [unzip] Entry: client/browserconfig.xml (compressed_size=491 bytes, uncompressed_size=822 bytes)
[debug] [2025-02-16T03:48:22.085Z] [unzip] Processing entry: client\browserconfig.xml
[debug] [2025-02-16T03:48:22.085Z] [unzip] else mkdir: C:\Users\viett\.cache\firebase\emulators\ui-v1.14.0\client
[debug] [2025-02-16T03:48:22.085Z] [unzip] deflating: C:\Users\viett\.cache\firebase\emulators\ui-v1.14.0\client\browserconfig.xml
[debug] [2025-02-16T03:48:22.085Z] [unzip] Entry: client/favicon-32x32.png (compressed_size=475 bytes, uncompressed_size=475 bytes)
[debug] [2025-02-16T03:48:22.085Z] [unzip] Processing entry: client\favicon-32x32.png
[debug] [2025-02-16T03:48:22.085Z] [unzip] else mkdir: C:\Users\viett\.cache\firebase\emulators\ui-v1.14.0\client
[debug] [2025-02-16T03:48:22.086Z] [unzip] Writing file: C:\Users\viett\.cache\firebase\emulators\ui-v1.14.0\client\favicon-32x32.png
[debug] [2025-02-16T03:48:22.086Z] [unzip] Entry: server/ (compressed_size=0 bytes, uncompressed_size=0 bytes)
[debug] [2025-02-16T03:48:22.086Z] [unzip] Processing entry: server\
[debug] [2025-02-16T03:48:22.086Z] [unzip] mkdir: C:\Users\viett\.cache\firebase\emulators\ui-v1.14.0\server\
[debug] [2025-02-16T03:48:22.086Z] [unzip] Entry: server/server.mjs.map (compressed_size=296496 bytes, uncompressed_size=1355667 bytes)
[debug] [2025-02-16T03:48:22.086Z] [unzip] Processing entry: server\server.mjs.map
[debug] [2025-02-16T03:48:22.086Z] [unzip] else mkdir: C:\Users\viett\.cache\firebase\emulators\ui-v1.14.0\server
[debug] [2025-02-16T03:48:22.086Z] [unzip] deflating: C:\Users\viett\.cache\firebase\emulators\ui-v1.14.0\server\server.mjs.map
[debug] [2025-02-16T03:48:22.091Z] [unzip] Entry: server/server.mjs (compressed_size=315701 bytes, uncompressed_size=1172682 bytes)
[debug] [2025-02-16T03:48:22.091Z] [unzip] Processing entry: server\server.mjs
[debug] [2025-02-16T03:48:22.091Z] [unzip] else mkdir: C:\Users\viett\.cache\firebase\emulators\ui-v1.14.0\server
[debug] [2025-02-16T03:48:22.091Z] [unzip] deflating: C:\Users\viett\.cache\firebase\emulators\ui-v1.14.0\server\server.mjs
[debug] [2025-02-16T03:48:22.101Z] [unzip] Entry: server/assets/ (compressed_size=0 bytes, uncompressed_size=0 bytes)
[debug] [2025-02-16T03:48:22.101Z] [unzip] Processing entry: server\assets\
[debug] [2025-02-16T03:48:22.101Z] [unzip] mkdir: C:\Users\viett\.cache\firebase\emulators\ui-v1.14.0\server\assets\
[debug] [2025-02-16T03:48:22.102Z] [unzip] Entry: server/assets/multipart-parser-DGCUZdXu.mjs.map (compressed_size=4791 bytes, uncompressed_size=17918 bytes)
[debug] [2025-02-16T03:48:22.102Z] [unzip] Processing entry: server\assets\multipart-parser-DGCUZdXu.mjs.map
[debug] [2025-02-16T03:48:22.102Z] [unzip] else mkdir: C:\Users\viett\.cache\firebase\emulators\ui-v1.14.0\server\assets
[debug] [2025-02-16T03:48:22.102Z] [unzip] deflating: C:\Users\viett\.cache\firebase\emulators\ui-v1.14.0\server\assets\multipart-parser-DGCUZdXu.mjs.map
[debug] [2025-02-16T03:48:22.103Z] [unzip] Entry: server/assets/multipart-parser-DGCUZdXu.mjs (compressed_size=2621 bytes, uncompressed_size=10390 bytes)
[debug] [2025-02-16T03:48:22.103Z] [unzip] Processing entry: server\assets\multipart-parser-DGCUZdXu.mjs
[debug] [2025-02-16T03:48:22.103Z] [unzip] else mkdir: C:\Users\viett\.cache\firebase\emulators\ui-v1.14.0\server\assets
[debug] [2025-02-16T03:48:22.104Z] [unzip] deflating: C:\Users\viett\.cache\firebase\emulators\ui-v1.14.0\server\assets\multipart-parser-DGCUZdXu.mjs
[debug] [2025-02-16T03:48:22.111Z] Could not find VSCode notification endpoint: FetchError: request to http://localhost:40001/vscode/notify failed, reason: . If you are not running the Firebase Data Connect VSCode extension, this is expected and not an issue.
[info] 
┌─────────────────────────────────────────────────────────────┐
│ ✔  All emulators ready! It is now safe to connect your app. │
│ i  View Emulator UI at http://127.0.0.1:4000/               │
└─────────────────────────────────────────────────────────────┘

┌───────────┬────────────────┬─────────────────────────────────┐
│ Emulator  │ Host:Port      │ View in Emulator UI             │
├───────────┼────────────────┼─────────────────────────────────┤
│ Firestore │ 127.0.0.1:8080 │ http://127.0.0.1:4000/firestore │
├───────────┼────────────────┼─────────────────────────────────┤
│ Hosting   │ 127.0.0.1:5000 │ n/a                             │
└───────────┴────────────────┴─────────────────────────────────┘
  Emulator Hub running at 127.0.0.1:4400
  Other reserved ports: 4500, 9150

Issues? Report them at https://github.com/firebase/firebase-tools/issues and attach the *-debug.log files.
 
